Determining if the pthread_create exist failed with the following output:
Change Dir: /home/caipirultron/2D_World_with_obstacles_for_RL_testing/build/CMakeFiles/CMakeTmp

Run Build Command:"/usr/bin/make" "cmTC_23802/fast"
/usr/bin/make -f CMakeFiles/cmTC_23802.dir/build.make CMakeFiles/cmTC_23802.dir/build
make[1]: Entering directory '/home/caipirultron/2D_World_with_obstacles_for_RL_testing/build/CMakeFiles/CMakeTmp'
Building C object CMakeFiles/cmTC_23802.dir/CheckSymbolExists.c.o
/usr/bin/cc    -o CMakeFiles/cmTC_23802.dir/CheckSymbolExists.c.o   -c /home/caipirultron/2D_World_with_obstacles_for_RL_testing/build/CMakeFiles/CMakeTmp/CheckSymbolExists.c
Linking C executable cmTC_23802
/usr/bin/cmake -E cmake_link_script CMakeFiles/cmTC_23802.dir/link.txt --verbose=1
/usr/bin/cc      -rdynamic CMakeFiles/cmTC_23802.dir/CheckSymbolExists.c.o  -o cmTC_23802 
CMakeFiles/cmTC_23802.dir/CheckSymbolExists.c.o: Na função "main":
CheckSymbolExists.c:(.text+0x1b): referência não definida para "pthread_create"
collect2: error: ld returned 1 exit status
CMakeFiles/cmTC_23802.dir/build.make:97: recipe for target 'cmTC_23802' failed
make[1]: *** [cmTC_23802] Error 1
make[1]: Leaving directory '/home/caipirultron/2D_World_with_obstacles_for_RL_testing/build/CMakeFiles/CMakeTmp'
Makefile:126: recipe for target 'cmTC_23802/fast' failed
make: *** [cmTC_23802/fast] Error 2

File /home/caipirultron/2D_World_with_obstacles_for_RL_testing/build/CMakeFiles/CMakeTmp/CheckSymbolExists.c:
/* */
#include <pthread.h>

int main(int argc, char** argv)
{
  (void)argv;
#ifndef pthread_create
  return ((int*)(&pthread_create))[argc];
#else
  (void)argc;
  return 0;
#endif
}

Determining if the function pthread_create exists in the pthreads failed with the following output:
Change Dir: /home/caipirultron/2D_World_with_obstacles_for_RL_testing/build/CMakeFiles/CMakeTmp

Run Build Command:"/usr/bin/make" "cmTC_bebdd/fast"
/usr/bin/make -f CMakeFiles/cmTC_bebdd.dir/build.make CMakeFiles/cmTC_bebdd.dir/build
make[1]: Entering directory '/home/caipirultron/2D_World_with_obstacles_for_RL_testing/build/CMakeFiles/CMakeTmp'
Building C object CMakeFiles/cmTC_bebdd.dir/CheckFunctionExists.c.o
/usr/bin/cc   -DCHECK_FUNCTION_EXISTS=pthread_create   -o CMakeFiles/cmTC_bebdd.dir/CheckFunctionExists.c.o   -c /usr/share/cmake-3.10/Modules/CheckFunctionExists.c
Linking C executable cmTC_bebdd
/usr/bin/cmake -E cmake_link_script CMakeFiles/cmTC_bebdd.dir/link.txt --verbose=1
/usr/bin/cc  -DCHECK_FUNCTION_EXISTS=pthread_create    -rdynamic CMakeFiles/cmTC_bebdd.dir/CheckFunctionExists.c.o  -o cmTC_bebdd -lpthreads 
/usr/bin/ld: não foi possível localizar -lpthreads
collect2: error: ld returned 1 exit status
CMakeFiles/cmTC_bebdd.dir/build.make:97: recipe for target 'cmTC_bebdd' failed
make[1]: *** [cmTC_bebdd] Error 1
make[1]: Leaving directory '/home/caipirultron/2D_World_with_obstacles_for_RL_testing/build/CMakeFiles/CMakeTmp'
Makefile:126: recipe for target 'cmTC_bebdd/fast' failed
make: *** [cmTC_bebdd/fast] Error 2


Performing C SOURCE FILE Test CMAKE_HAVE_LIBC_PTHREAD failed with the following output:
Change Dir: /home/caipirultron/2D_World_with_obstacles_for_RL_testing/build/CMakeFiles/CMakeTmp

Run Build Command(s):/usr/bin/make cmTC_3ef0f/fast && make[1]: Entrando no diretório '/home/caipirultron/2D_World_with_obstacles_for_RL_testing/build/CMakeFiles/CMakeTmp'
/usr/bin/make -f CMakeFiles/cmTC_3ef0f.dir/build.make CMakeFiles/cmTC_3ef0f.dir/build
make[2]: Entrando no diretório '/home/caipirultron/2D_World_with_obstacles_for_RL_testing/build/CMakeFiles/CMakeTmp'
Building C object CMakeFiles/cmTC_3ef0f.dir/src.c.o
/usr/bin/cc   -DCMAKE_HAVE_LIBC_PTHREAD   -o CMakeFiles/cmTC_3ef0f.dir/src.c.o   -c /home/caipirultron/2D_World_with_obstacles_for_RL_testing/build/CMakeFiles/CMakeTmp/src.c
Linking C executable cmTC_3ef0f
/usr/bin/cmake -E cmake_link_script CMakeFiles/cmTC_3ef0f.dir/link.txt --verbose=1
/usr/bin/cc  -DCMAKE_HAVE_LIBC_PTHREAD    -rdynamic CMakeFiles/cmTC_3ef0f.dir/src.c.o  -o cmTC_3ef0f 
/usr/bin/ld: CMakeFiles/cmTC_3ef0f.dir/src.c.o: na função "main":
src.c:(.text+0x46): referência não definida para "pthread_create"
/usr/bin/ld: src.c:(.text+0x52): referência não definida para "pthread_detach"
/usr/bin/ld: src.c:(.text+0x63): referência não definida para "pthread_join"
collect2: error: ld returned 1 exit status
make[2]: *** [CMakeFiles/cmTC_3ef0f.dir/build.make:87: cmTC_3ef0f] Erro 1
make[2]: Saindo do diretório '/home/caipirultron/2D_World_with_obstacles_for_RL_testing/build/CMakeFiles/CMakeTmp'
make[1]: *** [Makefile:121: cmTC_3ef0f/fast] Erro 2
make[1]: Saindo do diretório '/home/caipirultron/2D_World_with_obstacles_for_RL_testing/build/CMakeFiles/CMakeTmp'


Source file was:
#include <pthread.h>

void* test_func(void* data)
{
  return data;
}

int main(void)
{
  pthread_t thread;
  pthread_create(&thread, NULL, test_func, NULL);
  pthread_detach(thread);
  pthread_join(thread, NULL);
  pthread_atfork(NULL, NULL, NULL);
  pthread_exit(NULL);

  return 0;
}

